#
# There is insufficient memory for the Java Runtime Environment to continue.
# Native memory allocation (malloc) failed to allocate 1038416 bytes for Chunk::new
# Possible reasons:
#   The system is out of physical RAM or swap space
#   In 32 bit mode, the process size limit was hit
# Possible solutions:
#   Reduce memory load on the system
#   Increase physical memory or swap space
#   Check if swap backing store is full
#   Use 64 bit Java on a 64 bit OS
#   Decrease Java heap size (-Xmx/-Xms)
#   Decrease number of Java threads
#   Decrease Java thread stack sizes (-Xss)
#   Set larger code cache with -XX:ReservedCodeCacheSize=
# This output file may be truncated or incomplete.
#
#  Out of Memory Error (allocation.cpp:390), pid=10036, tid=0x0000000000002b48
#
# JRE version: OpenJDK Runtime Environment (8.0_152-b02) (build 1.8.0_152-release-1024-b02)
# Java VM: OpenJDK 64-Bit Server VM (25.152-b02 mixed mode windows-amd64 compressed oops)
# Failed to write core dump. Minidumps are not enabled by default on client versions of Windows
#

---------------  T H R E A D  ---------------

Current thread (0x0000000015ce8000):  JavaThread "C2 CompilerThread0" daemon [_thread_in_native, id=11080, stack(0x0000000017330000,0x0000000017430000)]

Stack: [0x0000000017330000,0x0000000017430000]
[error occurred during error reporting (printing stack bounds), id 0xc0000005]

Native frames: (J=compiled Java code, j=interpreted, Vv=VM code, C=native code)


Current CompileTask:
C2:   9711 3577       4       java.lang.reflect.Method::toString (20 bytes)


---------------  P R O C E S S  ---------------

Java Threads: ( => current thread )
  0x000000001bae3800 JavaThread "Memory manager" [_thread_blocked, id=15324, stack(0x0000000020560000,0x0000000020660000)]
  0x000000001bae6000 JavaThread "build operations Thread 4" [_thread_blocked, id=5396, stack(0x000000001fe60000,0x000000001ff60000)]
  0x0000000015ceb800 JavaThread "build operations Thread 3" [_thread_blocked, id=2384, stack(0x000000001fc60000,0x000000001fd60000)]
  0x0000000015ceb000 JavaThread "build operations Thread 2" [_thread_blocked, id=13132, stack(0x000000001fb60000,0x000000001fc60000)]
  0x0000000015cf1800 JavaThread "build operations" [_thread_blocked, id=17960, stack(0x000000001fa60000,0x000000001fb60000)]
  0x0000000015cec800 JavaThread "Cache worker for Artifact transforms cache (C:\Users\haris\.gradle\caches\transforms-1)" [_thread_blocked, id=2512, stack(0x000000001f650000,0x000000001f750000)]
  0x0000000018f4d000 JavaThread "Cache worker for file hash cache (D:\Dev\AndroidTraining\HttpServe\.gradle\4.4\fileHashes)" [_thread_blocked, id=3908, stack(0x000000001b850000,0x000000001b950000)]
  0x0000000018d4d000 JavaThread "File lock request listener" [_thread_in_native, id=17344, stack(0x000000001a780000,0x000000001a880000)]
  0x0000000018e10000 JavaThread "Cache worker for file hash cache (C:\Users\haris\.gradle\caches\4.4\fileHashes)" [_thread_blocked, id=6304, stack(0x000000001a680000,0x000000001a780000)]
  0x0000000018d1e800 JavaThread "Stdin handler" [_thread_blocked, id=18364, stack(0x000000001a380000,0x000000001a480000)]
  0x0000000018d27000 JavaThread "Asynchronous log dispatcher for DefaultDaemonConnection: socket connection from /127.0.0.1:54448 to /127.0.0.1:54449" [_thread_blocked, id=14104, stack(0x000000001a280000,0x000000001a380000)]
  0x0000000018d2a000 JavaThread "Daemon worker" [_thread_in_vm, id=5948, stack(0x000000001a180000,0x000000001a280000)]
  0x0000000018d29000 JavaThread "Cancel handler" [_thread_blocked, id=13180, stack(0x000000001a080000,0x000000001a180000)]
  0x000000001892c800 JavaThread "Handler for socket connection from /127.0.0.1:54448 to /127.0.0.1:54449" [_thread_in_native, id=568, stack(0x0000000019d80000,0x0000000019e80000)]
  0x000000001892c000 JavaThread "Daemon" [_thread_blocked, id=14224, stack(0x0000000019c80000,0x0000000019d80000)]
  0x0000000018beb800 JavaThread "Daemon periodic checks" [_thread_blocked, id=16900, stack(0x0000000019b80000,0x0000000019c80000)]
  0x0000000018965000 JavaThread "Incoming local TCP Connector on port 54448" [_thread_in_native, id=18612, stack(0x0000000019940000,0x0000000019a40000)]
  0x0000000017668800 JavaThread "Service Thread" daemon [_thread_blocked, id=18540, stack(0x0000000017a30000,0x0000000017b30000)]
  0x0000000015cee000 JavaThread "C1 CompilerThread2" daemon [_thread_blocked, id=9048, stack(0x0000000017530000,0x0000000017630000)]
  0x0000000015cde000 JavaThread "C2 CompilerThread1" daemon [_thread_in_native, id=1744, stack(0x0000000017430000,0x0000000017530000)]
=>0x0000000015ce8000 JavaThread "C2 CompilerThread0" daemon [_thread_in_native, id=11080, stack(0x0000000017330000,0x0000000017430000)]
  0x0000000015ce7000 JavaThread "Attach Listener" daemon [_thread_blocked, id=17532, stack(0x0000000017230000,0x0000000017330000)]
  0x0000000015ce5800 JavaThread "Signal Dispatcher" daemon [_thread_blocked, id=17996, stack(0x0000000017130000,0x0000000017230000)]
  0x000000000236d000 JavaThread "Finalizer" daemon [_thread_blocked, id=16160, stack(0x0000000016f40000,0x0000000017040000)]
  0x0000000002362800 JavaThread "Reference Handler" daemon [_thread_blocked, id=6040, stack(0x0000000016e40000,0x0000000016f40000)]
  0x00000000021dd800 JavaThread "main" [_thread_blocked, id=12936, stack(0x00000000020c0000,0x00000000021c0000)]

Other Threads:
  0x0000000015ca5800 VMThread [stack: 0x0000000016d40000,0x0000000016e40000] [id=1788]
  0x0000000015d3e800 WatcherThread [stack: 0x0000000017b30000,0x0000000017c30000] [id=4928]

VM state:not at safepoint (normal execution)

VM Mutex/Monitor currently owned by a thread: None

Heap:
 PSYoungGen      total 140800K, used 56811K [0x00000000e0000000, 0x00000000ec480000, 0x0000000100000000)
  eden space 131072K, 43% used [0x00000000e0000000,0x00000000e377ae78,0x00000000e8000000)
  from space 9728K, 0% used [0x00000000e8000000,0x00000000e8000000,0x00000000e8980000)
  to   space 13312K, 0% used [0x00000000eb780000,0x00000000eb780000,0x00000000ec480000)
 ParOldGen       total 94720K, used 20474K [0x00000000a0000000, 0x00000000a5c80000, 0x00000000e0000000)
  object space 94720K, 21% used [0x00000000a0000000,0x00000000a13fe8c8,0x00000000a5c80000)
 Metaspace       used 37711K, capacity 38506K, committed 38784K, reserved 1083392K
  class space    used 5199K, capacity 5498K, committed 5504K, reserved 1048576K

Card table byte_map: [0x0000000011730000,0x0000000011a40000] byte_map_base: 0x0000000011230000

Marking Bits: (ParMarkBitMap*) 0x00000000759d4970
 Begin Bits: [0x0000000012040000, 0x0000000013840000)
 End Bits:   [0x0000000013840000, 0x0000000015040000)

Polling page: 0x00000000001f0000

CodeCache: size=245760Kb used=11672Kb max_used=11672Kb free=234087Kb
 bounds [0x0000000002370000, 0x0000000002ee0000, 0x0000000011370000]
 total_blobs=4143 nmethods=3440 adapters=615
 compilation: enabled

Compilation events (10 events):
Event: 9.691 Thread 0x0000000015cee000 nmethod 3769 0x0000000002ed6810 code [0x0000000002ed6980, 0x0000000002ed6b08]
Event: 9.691 Thread 0x0000000015cee000 3770       2       com.google.common.util.concurrent.AbstractFuture$Sync::complete (67 bytes)
Event: 9.691 Thread 0x0000000015cee000 nmethod 3770 0x0000000002ed6b90 code [0x0000000002ed6d20, 0x0000000002ed7068]
Event: 9.691 Thread 0x0000000015cee000 3764   !   2       com.google.common.util.concurrent.ExecutionList::execute (86 bytes)
Event: 9.692 Thread 0x0000000015cee000 nmethod 3764 0x0000000002ed7210 code [0x0000000002ed73a0, 0x0000000002ed78e8]
Event: 9.692 Thread 0x0000000015cee000 3765   !   2       com.google.common.util.concurrent.Uninterruptibles::getUninterruptibly (40 bytes)
Event: 9.692 Thread 0x0000000015cee000 nmethod 3765 0x0000000002ed7c10 code [0x0000000002ed7dc0, 0x0000000002ed8088]
Event: 9.693 Thread 0x0000000015cee000 3773       2       java.lang.invoke.MethodTypeForm::unpack (30 bytes)
Event: 9.693 Thread 0x0000000015cee000 nmethod 3773 0x0000000002ed8250 code [0x0000000002ed83a0, 0x0000000002ed84f0]
Event: 9.699 Thread 0x0000000015cee000 3774       2       java.util.regex.Matcher::appendReplacement (571 bytes)

GC Heap History (10 events):
Event: 4.612 GC heap before
{Heap before GC invocations=5 (full 0):
 PSYoungGen      total 71680K, used 18111K [0x00000000e0000000, 0x00000000e4b00000, 0x0000000100000000)
  eden space 66560K, 19% used [0x00000000e0000000,0x00000000e0cb7dd8,0x00000000e4100000)
  from space 5120K, 99% used [0x00000000e4600000,0x00000000e4af8040,0x00000000e4b00000)
  to   space 5120K, 0% used [0x00000000e4100000,0x00000000e4100000,0x00000000e4600000)
 ParOldGen       total 87552K, used 5856K [0x00000000a0000000, 0x00000000a5580000, 0x00000000e0000000)
  object space 87552K, 6% used [0x00000000a0000000,0x00000000a05b8230,0x00000000a5580000)
 Metaspace       used 20854K, capacity 21232K, committed 21248K, reserved 1067008K
  class space    used 2912K, capacity 3071K, committed 3072K, reserved 1048576K
Event: 4.628 GC heap after
Heap after GC invocations=5 (full 0):
 PSYoungGen      total 71680K, used 5116K [0x00000000e0000000, 0x00000000e9600000, 0x0000000100000000)
  eden space 66560K, 0% used [0x00000000e0000000,0x00000000e0000000,0x00000000e4100000)
  from space 5120K, 99% used [0x00000000e4100000,0x00000000e45ff310,0x00000000e4600000)
  to   space 10240K, 0% used [0x00000000e8c00000,0x00000000e8c00000,0x00000000e9600000)
 ParOldGen       total 87552K, used 8342K [0x00000000a0000000, 0x00000000a5580000, 0x00000000e0000000)
  object space 87552K, 9% used [0x00000000a0000000,0x00000000a0825a68,0x00000000a5580000)
 Metaspace       used 20854K, capacity 21232K, committed 21248K, reserved 1067008K
  class space    used 2912K, capacity 3071K, committed 3072K, reserved 1048576K
}
Event: 4.628 GC heap before
{Heap before GC invocations=6 (full 1):
 PSYoungGen      total 71680K, used 5116K [0x00000000e0000000, 0x00000000e9600000, 0x0000000100000000)
  eden space 66560K, 0% used [0x00000000e0000000,0x00000000e0000000,0x00000000e4100000)
  from space 5120K, 99% used [0x00000000e4100000,0x00000000e45ff310,0x00000000e4600000)
  to   space 10240K, 0% used [0x00000000e8c00000,0x00000000e8c00000,0x00000000e9600000)
 ParOldGen       total 87552K, used 8342K [0x00000000a0000000, 0x00000000a5580000, 0x00000000e0000000)
  object space 87552K, 9% used [0x00000000a0000000,0x00000000a0825a68,0x00000000a5580000)
 Metaspace       used 20854K, capacity 21232K, committed 21248K, reserved 1067008K
  class space    used 2912K, capacity 3071K, committed 3072K, reserved 1048576K
Event: 4.678 GC heap after
Heap after GC invocations=6 (full 1):
 PSYoungGen      total 71680K, used 0K [0x00000000e0000000, 0x00000000e9600000, 0x0000000100000000)
  eden space 66560K, 0% used [0x00000000e0000000,0x00000000e0000000,0x00000000e4100000)
  from space 5120K, 0% used [0x00000000e4100000,0x00000000e4100000,0x00000000e4600000)
  to   space 10240K, 0% used [0x00000000e8c00000,0x00000000e8c00000,0x00000000e9600000)
 ParOldGen       total 56832K, used 8043K [0x00000000a0000000, 0x00000000a3780000, 0x00000000e0000000)
  object space 56832K, 14% used [0x00000000a0000000,0x00000000a07dadc8,0x00000000a3780000)
 Metaspace       used 20854K, capacity 21232K, committed 21248K, reserved 1067008K
  class space    used 2912K, capacity 3071K, committed 3072K, reserved 1048576K
}
Event: 6.409 GC heap before
{Heap before GC invocations=7 (full 1):
 PSYoungGen      total 71680K, used 66560K [0x00000000e0000000, 0x00000000e9600000, 0x0000000100000000)
  eden space 66560K, 100% used [0x00000000e0000000,0x00000000e4100000,0x00000000e4100000)
  from space 5120K, 0% used [0x00000000e4100000,0x00000000e4100000,0x00000000e4600000)
  to   space 10240K, 0% used [0x00000000e8c00000,0x00000000e8c00000,0x00000000e9600000)
 ParOldGen       total 56832K, used 8043K [0x00000000a0000000, 0x00000000a3780000, 0x00000000e0000000)
  object space 56832K, 14% used [0x00000000a0000000,0x00000000a07dadc8,0x00000000a3780000)
 Metaspace       used 26502K, capacity 27048K, committed 27136K, reserved 1073152K
  class space    used 3638K, capacity 3809K, committed 3840K, reserved 1048576K
Event: 6.423 GC heap after
Heap after GC invocations=7 (full 1):
 PSYoungGen      total 115712K, used 6841K [0x00000000e0000000, 0x00000000e9300000, 0x0000000100000000)
  eden space 108544K, 0% used [0x00000000e0000000,0x00000000e0000000,0x00000000e6a00000)
  from space 7168K, 95% used [0x00000000e8c00000,0x00000000e92ae480,0x00000000e9300000)
  to   space 9728K, 0% used [0x00000000e8000000,0x00000000e8000000,0x00000000e8980000)
 ParOldGen       total 56832K, used 8051K [0x00000000a0000000, 0x00000000a3780000, 0x00000000e0000000)
  object space 56832K, 14% used [0x00000000a0000000,0x00000000a07dcdc8,0x00000000a3780000)
 Metaspace       used 26502K, capacity 27048K, committed 27136K, reserved 1073152K
  class space    used 3638K, capacity 3809K, committed 3840K, reserved 1048576K
}
Event: 8.864 GC heap before
{Heap before GC invocations=8 (full 1):
 PSYoungGen      total 115712K, used 105627K [0x00000000e0000000, 0x00000000e9300000, 0x0000000100000000)
  eden space 108544K, 91% used [0x00000000e0000000,0x00000000e6078ad0,0x00000000e6a00000)
  from space 7168K, 95% used [0x00000000e8c00000,0x00000000e92ae480,0x00000000e9300000)
  to   space 9728K, 0% used [0x00000000e8000000,0x00000000e8000000,0x00000000e8980000)
 ParOldGen       total 56832K, used 8051K [0x00000000a0000000, 0x00000000a3780000, 0x00000000e0000000)
  object space 56832K, 14% used [0x00000000a0000000,0x00000000a07dcdc8,0x00000000a3780000)
 Metaspace       used 34505K, capacity 35268K, committed 35416K, reserved 1079296K
  class space    used 4833K, capacity 5059K, committed 5120K, reserved 1048576K
Event: 8.893 GC heap after
Heap after GC invocations=8 (full 1):
 PSYoungGen      total 140800K, used 9696K [0x00000000e0000000, 0x00000000ec480000, 0x0000000100000000)
  eden space 131072K, 0% used [0x00000000e0000000,0x00000000e0000000,0x00000000e8000000)
  from space 9728K, 99% used [0x00000000e8000000,0x00000000e8978260,0x00000000e8980000)
  to   space 13312K, 0% used [0x00000000eb780000,0x00000000eb780000,0x00000000ec480000)
 ParOldGen       total 56832K, used 12487K [0x00000000a0000000, 0x00000000a3780000, 0x00000000e0000000)
  object space 56832K, 21% used [0x00000000a0000000,0x00000000a0c31d98,0x00000000a3780000)
 Metaspace       used 34505K, capacity 35268K, committed 35416K, reserved 1079296K
  class space    used 4833K, capacity 5059K, committed 5120K, reserved 1048576K
}
Event: 8.893 GC heap before
{Heap before GC invocations=9 (full 2):
 PSYoungGen      total 140800K, used 9696K [0x00000000e0000000, 0x00000000ec480000, 0x0000000100000000)
  eden space 131072K, 0% used [0x00000000e0000000,0x00000000e0000000,0x00000000e8000000)
  from space 9728K, 99% used [0x00000000e8000000,0x00000000e8978260,0x00000000e8980000)
  to   space 13312K, 0% used [0x00000000eb780000,0x00000000eb780000,0x00000000ec480000)
 ParOldGen       total 56832K, used 12487K [0x00000000a0000000, 0x00000000a3780000, 0x00000000e0000000)
  object space 56832K, 21% used [0x00000000a0000000,0x00000000a0c31d98,0x00000000a3780000)
 Metaspace       used 34505K, capacity 35268K, committed 35416K, reserved 1079296K
  class space    used 4833K, capacity 5059K, committed 5120K, reserved 1048576K
Event: 9.013 GC heap after
Heap after GC invocations=9 (full 2):
 PSYoungGen      total 140800K, used 0K [0x00000000e0000000, 0x00000000ec480000, 0x0000000100000000)
  eden space 131072K, 0% used [0x00000000e0000000,0x00000000e0000000,0x00000000e8000000)
  from space 9728K, 0% used [0x00000000e8000000,0x00000000e8000000,0x00000000e8980000)
  to   space 13312K, 0% used [0x00000000eb780000,0x00000000eb780000,0x00000000ec480000)
 ParOldGen       total 94720K, used 20474K [0x00000000a0000000, 0x00000000a5c80000, 0x00000000e0000000)
  object space 94720K, 21% used [0x00000000a0000000,0x00000000a13fe8c8,0x00000000a5c80000)
 Metaspace       used 34505K, capacity 35268K, committed 35416K, reserved 1079296K
  class space    used 4833K, capacity 5059K, committed 5120K, reserved 1048576K
}

Deoptimization events (10 events):
Event: 8.554 Thread 0x0000000018d2a000 Uncommon trap: reason=class_check action=maybe_recompile pc=0x00000000025c0320 method=java.io.BufferedInputStream.read1([BII)I @ 39
Event: 8.554 Thread 0x0000000018d2a000 Uncommon trap: reason=class_check action=maybe_recompile pc=0x00000000025c0320 method=java.io.BufferedInputStream.read1([BII)I @ 39
Event: 8.556 Thread 0x0000000018d2a000 Uncommon trap: reason=unstable_if action=reinterpret pc=0x0000000002cd3750 method=java.util.regex.Pattern.has(I)Z @ 6
Event: 8.665 Thread 0x0000000018d2a000 Uncommon trap: reason=predicate action=maybe_recompile pc=0x0000000002ca2a38 method=java.util.Arrays.binarySearch0([Ljava/lang/Object;IILjava/lang/Object;Ljava/util/Comparator;)I @ 28
Event: 8.714 Thread 0x0000000018d2a000 Uncommon trap: reason=unstable_if action=reinterpret pc=0x00000000028c31ac method=sun.misc.MetaIndex.mayContain(Ljava/lang/String;)Z @ 38
Event: 9.200 Thread 0x0000000018d2a000 Uncommon trap: reason=unstable_if action=reinterpret pc=0x0000000002b609b0 method=java.util.concurrent.ConcurrentHashMap.get(Ljava/lang/Object;)Ljava/lang/Object; @ 76
Event: 9.383 Thread 0x0000000018d2a000 Uncommon trap: reason=unstable_if action=reinterpret pc=0x0000000002cc1474 method=java.util.HashMap.putVal(ILjava/lang/Object;Ljava/lang/Object;ZZ)Ljava/lang/Object; @ 162
Event: 9.384 Thread 0x0000000018d2a000 Uncommon trap: reason=unstable_if action=reinterpret pc=0x00000000027c85b8 method=java.util.HashMap.resize()[Ljava/util/HashMap$Node; @ 206
Event: 9.500 Thread 0x0000000018d2a000 Uncommon trap: reason=unstable_if action=reinterpret pc=0x0000000002e37a68 method=java.lang.reflect.Modifier.toString(I)Ljava/lang/String; @ 123
Event: 9.522 Thread 0x0000000018d2a000 Uncommon trap: reason=unstable_if action=reinterpret pc=0x0000000002e7c640 method=java.lang.reflect.Modifier.toString(I)Ljava/lang/String; @ 123

Classes redefined (0 events):
No events

Internal exceptions (10 events):
Event: 8.418 Thread 0x0000000018d2a000 Exception <a 'java/lang/ClassNotFoundException': org/gradle/api/internal/ConventionTaskBeanInfo> (0x00000000e4ab75a8) thrown at [D:\src\AOSP-openjdk-cygwin\jdk8u\hotspot\src\share\vm\classfile\systemDictionary.cpp, line 210]
Event: 8.419 Thread 0x0000000018d2a000 Exception <a 'java/lang/ClassNotFoundException': org/gradle/api/DefaultTaskBeanInfo> (0x00000000e4ada180) thrown at [D:\src\AOSP-openjdk-cygwin\jdk8u\hotspot\src\share\vm\classfile\systemDictionary.cpp, line 210]
Event: 8.420 Thread 0x0000000018d2a000 Exception <a 'java/lang/ClassNotFoundException': org/gradle/api/internal/AbstractTaskBeanInfo> (0x00000000e4b03368) thrown at [D:\src\AOSP-openjdk-cygwin\jdk8u\hotspot\src\share\vm\classfile\systemDictionary.cpp, line 210]
Event: 8.421 Thread 0x0000000018d2a000 Exception <a 'java/lang/ClassNotFoundException': org/gradle/api/internal/AbstractTaskCustomizer> (0x00000000e4b2d0d0) thrown at [D:\src\AOSP-openjdk-cygwin\jdk8u\hotspot\src\share\vm\classfile\systemDictionary.cpp, line 210]
Event: 8.426 Thread 0x0000000018d2a000 Exception <a 'java/lang/ClassNotFoundException': org/gradle/api/DefaultTaskCustomizer> (0x00000000e4bb4da8) thrown at [D:\src\AOSP-openjdk-cygwin\jdk8u\hotspot\src\share\vm\classfile\systemDictionary.cpp, line 210]
Event: 8.429 Thread 0x0000000018d2a000 Exception <a 'java/lang/ClassNotFoundException': org/gradle/api/internal/ConventionTaskCustomizer> (0x00000000e4bee610) thrown at [D:\src\AOSP-openjdk-cygwin\jdk8u\hotspot\src\share\vm\classfile\systemDictionary.cpp, line 210]
Event: 8.432 Thread 0x0000000018d2a000 Exception <a 'java/lang/ClassNotFoundException': org/gradle/api/tasks/DeleteCustomizer> (0x00000000e4c25d28) thrown at [D:\src\AOSP-openjdk-cygwin\jdk8u\hotspot\src\share\vm\classfile\systemDictionary.cpp, line 210]
Event: 8.436 Thread 0x0000000018d2a000 Exception <a 'java/lang/ClassNotFoundException': org/gradle/api/tasks/Delete_DecoratedCustomizer> (0x00000000e4c6b008) thrown at [D:\src\AOSP-openjdk-cygwin\jdk8u\hotspot\src\share\vm\classfile\systemDictionary.cpp, line 210]
Event: 8.474 Thread 0x0000000018d2a000 Exception <a 'java/lang/ClassNotFoundException': build_wewzfh4ymupqn6hod6kqcudeBeanInfo> (0x00000000e4da3f30) thrown at [D:\src\AOSP-openjdk-cygwin\jdk8u\hotspot\src\share\vm\classfile\systemDictionary.cpp, line 210]
Event: 8.474 Thread 0x0000000018d2a000 Exception <a 'java/lang/ClassNotFoundException': build_wewzfh4ymupqn6hod6kqcudeCustomizer> (0x00000000e4dae3b8) thrown at [D:\src\AOSP-openjdk-cygwin\jdk8u\hotspot\src\share\vm\classfile\systemDictionary.cpp, line 210]

Events (10 events):
Event: 9.695 loading class com/android/builder/internal/BaseConfigImpl
Event: 9.695 loading class com/android/builder/internal/BaseConfigImpl done
Event: 9.696 loading class com/android/build/gradle/internal/dsl/BuildTypeFactory
Event: 9.696 loading class com/android/build/gradle/internal/dsl/BuildTypeFactory done
Event: 9.697 loading class org/gradle/api/internal/DynamicPropertyNamer
Event: 9.697 loading class org/gradle/api/internal/DynamicPropertyNamer done
Event: 9.697 loading class org/gradle/api/internal/NoNamingPropertyException
Event: 9.697 loading class org/gradle/api/internal/NoNamingPropertyException done
Event: 9.697 loading class org/gradle/api/internal/NullNamingPropertyException
Event: 9.697 loading class org/gradle/api/internal/NullNamingPropertyException done


Dynamic libraries:
0x00007ff794670000 - 0x00007ff7946a1000 	D:\App\Android\AndroidStudio\jre\bin\java.exe
0x00007ffb0d4e0000 - 0x00007ffb0d6c1000 	C:\Windows\SYSTEM32\ntdll.dll
0x00007ffb0d230000 - 0x00007ffb0d2e2000 	C:\Windows\System32\KERNEL32.DLL
0x00007ffb09ad0000 - 0x00007ffb09d43000 	C:\Windows\System32\KERNELBASE.dll
0x00007ffb0aa30000 - 0x00007ffb0aad1000 	C:\Windows\System32\ADVAPI32.dll
0x00007ffb0d370000 - 0x00007ffb0d40e000 	C:\Windows\System32\msvcrt.dll
0x00007ffb0b670000 - 0x00007ffb0b6cb000 	C:\Windows\System32\sechost.dll
0x00007ffb0b540000 - 0x00007ffb0b664000 	C:\Windows\System32\RPCRT4.dll
0x00007ffb0bb60000 - 0x00007ffb0bcf0000 	C:\Windows\System32\USER32.dll
0x00007ffb0a950000 - 0x00007ffb0a970000 	C:\Windows\System32\win32u.dll
0x00007ffb0d420000 - 0x00007ffb0d448000 	C:\Windows\System32\GDI32.dll
0x00007ffb09930000 - 0x00007ffb09ac2000 	C:\Windows\System32\gdi32full.dll
0x00007ffb09db0000 - 0x00007ffb09e4f000 	C:\Windows\System32\msvcp_win.dll
0x00007ffb0a610000 - 0x00007ffb0a70a000 	C:\Windows\System32\ucrtbase.dll
0x00007ffafde50000 - 0x00007ffafe0b9000 	C:\Windows\WinSxS\amd64_microsoft.windows.common-controls_6595b64144ccf1df_6.0.17134.228_none_fb4599993062b194\COMCTL32.dll
0x00007ffb0b830000 - 0x00007ffb0bb53000 	C:\Windows\System32\combase.dll
0x00007ffb098b0000 - 0x00007ffb0992a000 	C:\Windows\System32\bcryptPrimitives.dll
0x00007ffb0ab90000 - 0x00007ffb0abbd000 	C:\Windows\System32\IMM32.DLL
0x0000000075e50000 - 0x0000000075f22000 	D:\App\Android\AndroidStudio\jre\jre\bin\msvcr100.dll
0x0000000075210000 - 0x0000000075a4f000 	D:\App\Android\AndroidStudio\jre\jre\bin\server\jvm.dll
0x00007ffb0d220000 - 0x00007ffb0d228000 	C:\Windows\System32\PSAPI.DLL
0x00007ffb05890000 - 0x00007ffb058b3000 	C:\Windows\SYSTEM32\WINMM.dll
0x00007ffb003c0000 - 0x00007ffb003ca000 	C:\Windows\SYSTEM32\VERSION.dll
0x00007ffaeca80000 - 0x00007ffaeca89000 	C:\Windows\SYSTEM32\WSOCK32.dll
0x00007ffb05850000 - 0x00007ffb0587a000 	C:\Windows\SYSTEM32\winmmbase.dll
0x00007ffb0b430000 - 0x00007ffb0b49c000 	C:\Windows\System32\WS2_32.dll
0x00007ffb0a900000 - 0x00007ffb0a949000 	C:\Windows\System32\cfgmgr32.dll
0x00007ffb05fc0000 - 0x00007ffb05fcf000 	D:\App\Android\AndroidStudio\jre\jre\bin\verify.dll
0x00007ffaf1ba0000 - 0x00007ffaf1bc9000 	D:\App\Android\AndroidStudio\jre\jre\bin\java.dll
0x00007ffaf6820000 - 0x00007ffaf6836000 	D:\App\Android\AndroidStudio\jre\jre\bin\zip.dll
0x00007ffb0bde0000 - 0x00007ffb0d220000 	C:\Windows\System32\SHELL32.dll
0x00007ffb0aae0000 - 0x00007ffb0ab89000 	C:\Windows\System32\shcore.dll
0x00007ffb09f00000 - 0x00007ffb0a60d000 	C:\Windows\System32\windows.storage.dll
0x00007ffb0d450000 - 0x00007ffb0d4a1000 	C:\Windows\System32\shlwapi.dll
0x00007ffb097f0000 - 0x00007ffb09801000 	C:\Windows\System32\kernel.appcore.dll
0x00007ffb09810000 - 0x00007ffb0982f000 	C:\Windows\System32\profapi.dll
0x00007ffb09850000 - 0x00007ffb0989c000 	C:\Windows\System32\powrprof.dll
0x00007ffb098a0000 - 0x00007ffb098aa000 	C:\Windows\System32\FLTLIB.DLL
0x00007ffaf2740000 - 0x00007ffaf275a000 	D:\App\Android\AndroidStudio\jre\jre\bin\net.dll
0x00007ffb09070000 - 0x00007ffb090d6000 	C:\Windows\system32\mswsock.dll
0x00007ffaf2260000 - 0x00007ffaf2271000 	D:\App\Android\AndroidStudio\jre\jre\bin\nio.dll
0x00007ffaf1b30000 - 0x00007ffaf1b4e000 	C:\Users\haris\.gradle\native\25\windows-amd64\native-platform.dll
0x00007ffb05680000 - 0x00007ffb0568d000 	D:\App\Android\AndroidStudio\jre\jre\bin\management.dll
0x00007ffb09220000 - 0x00007ffb09237000 	C:\Windows\SYSTEM32\CRYPTSP.dll
0x00007ffb08c50000 - 0x00007ffb08c83000 	C:\Windows\system32\rsaenh.dll
0x00007ffb09350000 - 0x00007ffb09375000 	C:\Windows\SYSTEM32\bcrypt.dll
0x00007ffb096f0000 - 0x00007ffb09718000 	C:\Windows\SYSTEM32\USERENV.dll
0x00007ffb09240000 - 0x00007ffb0924b000 	C:\Windows\SYSTEM32\CRYPTBASE.dll
0x00007ffb08df0000 - 0x00007ffb08e28000 	C:\Windows\SYSTEM32\IPHLPAPI.DLL
0x00007ffb0b190000 - 0x00007ffb0b198000 	C:\Windows\System32\NSI.dll
0x00007ffb00540000 - 0x00007ffb00556000 	C:\Windows\SYSTEM32\dhcpcsvc6.DLL
0x00007ffb00bc0000 - 0x00007ffb00bda000 	C:\Windows\SYSTEM32\dhcpcsvc.DLL

VM Arguments:
jvm_args: -Xmx1536m -Dfile.encoding=windows-1252 -Duser.country=US -Duser.language=en -Duser.variant 
java_command: org.gradle.launcher.daemon.bootstrap.GradleDaemon 4.4
java_class_path (initial): C:\Users\haris\.gradle\wrapper\dists\gradle-4.4-all\9br9xq1tocpiv8o6njlyu5op1\gradle-4.4\lib\gradle-launcher-4.4.jar
Launcher Type: SUN_STANDARD

Environment Variables:
JAVA_HOME=D:\App\Java\jdk1.8.0_131
PATH=C:\Program Files (x86)\Common Files\Oracle\Java\javapath;C:\Program Files (x86)\Intel\iCLS Client\;C:\Program Files\Intel\iCLS Client\;C:\Windows\system32;C:\Windows;C:\Windows\System32\Wbem;C:\Windows\System32\WindowsPowerShell\v1.0\;C:\Windows\System32\OpenSSH\;C:\Program Files\Intel\WiFi\bin\;C:\Program Files\Common Files\Intel\WirelessCommon\;C:\Program Files (x86)\Intel\Intel(R) Management Engine Components\DAL;C:\Program Files\Intel\Intel(R) Management Engine Components\DAL;C:\Program Files (x86)\Intel\Intel(R) Management Engine Components\IPT;C:\Program Files\Intel\Intel(R) Management Engine Components\IPT;D:\App\nodejs\;d:\app\Git\cmd;D:\app\TortoiseGit\bin;D:\App\Java\jdk1.8.0_131\bin;C:\Users\haris\AppData\Local\Microsoft\WindowsApps;C:\Users\haris\AppData\Roaming\npm;d:\App\VSCode\bin;d:\App\Java\jre1.80_181\bin;
USERNAME=haris
OS=Windows_NT
PROCESSOR_IDENTIFIER=Intel64 Family 6 Model 61 Stepping 4, GenuineIntel



---------------  S Y S T E M  ---------------

OS: Windows 10.0 , 64 bit Build 17134 (10.0.17134.1)

CPU:total 4 (initial active 4) (2 cores per cpu, 2 threads per core) family 6 model 61 stepping 4, cmov, cx8, fxsr, mmx, sse, sse2, sse3, ssse3, sse4.1, sse4.2, popcnt, avx, avx2, aes, clmul, erms, 3dnowpref, lzcnt, ht, tsc, tscinvbit, bmi1, bmi2, adx

Memory: 4k page, physical 8301116k(1149708k free), swap 16578540k(6080k free)

vm_info: OpenJDK 64-Bit Server VM (25.152-b02) for windows-amd64 JRE (1.8.0_152-release-1024-b02), built by "builder" with MS VC++ 10.0 (VS2010)

time: Tue Sep 11 11:23:14 2018
elapsed time: 9 seconds (0d 0h 0m 9s)

